Copyright 1986-2014 Xilinx, Inc. All Rights Reserved.
-------------------------------------------------------------------------------------------------------------------------
| Tool Version     : Vivado v.2014.4 (lin64) Build 1071353 Tue Nov 18 16:47:07 MST 2014
| Date             : Fri Jan 23 20:06:04 2015
| Host             : aaron-All-Series running 64-bit Ubuntu 14.10
| Command          : report_power -file AudioRecorder_power_routed.rpt -pb AudioRecorder_power_summary_routed.pb
| Design           : AudioRecorder
| Device           : xc7a100tcsg324-1
| Design State     : Routed
| Grade            : commercial
| Process          : typical
| Characterization : Production
-------------------------------------------------------------------------------------------------------------------------

Power Report

Table of Contents
-----------------
1. Summary
1.1 On-Chip Components
1.2 Power Supply Summary
1.3 Confidence Level
2. Settings
2.1 Environment
2.2 Clock Constraints
3. Detailed Reports
3.1 By Hierarchy

1. Summary
----------

+--------------------------+-------+
| Total On-Chip Power (W)  | 0.203 |
| Dynamic (W)              | 0.105 |
| Device Static (W)        | 0.097 |
| Effective TJA (C/W)      | 4.6   |
| Max Ambient (C)          | 84.1  |
| Junction Temperature (C) | 25.9  |
| Confidence Level         | Low   |
| Setting File             | ---   |
| Simulation Activity File | ---   |
| Design Nets Matched      | NA    |
+--------------------------+-------+


1.1 On-Chip Components
----------------------

+----------------+-----------+----------+-----------+-----------------+
| On-Chip        | Power (W) | Used     | Available | Utilization (%) |
+----------------+-----------+----------+-----------+-----------------+
| Clocks         |     0.005 |        6 |       --- |             --- |
| Slice Logic    |     0.002 |      437 |       --- |             --- |
|   LUT as Logic |     0.001 |      124 |     63400 |            0.19 |
|   Register     |    <0.001 |      212 |    126800 |            0.16 |
|   CARRY4       |    <0.001 |       29 |     15850 |            0.18 |
|   BUFG         |    <0.001 |        1 |        32 |            3.12 |
|   Others       |     0.000 |       15 |       --- |             --- |
| Signals        |     0.002 |      386 |       --- |             --- |
| MMCM           |     0.087 |        1 |         6 |           16.66 |
| I/O            |     0.010 |       60 |       210 |           28.57 |
| Static Power   |     0.097 |          |           |                 |
| Total          |     0.203 |          |           |                 |
+----------------+-----------+----------+-----------+-----------------+


1.2 Power Supply Summary
------------------------

+-----------+-------------+-----------+-------------+------------+
| Source    | Voltage (V) | Total (A) | Dynamic (A) | Static (A) |
+-----------+-------------+-----------+-------------+------------+
| Vccint    |       1.000 |     0.025 |       0.010 |      0.015 |
| Vccaux    |       1.800 |     0.066 |       0.048 |      0.018 |
| Vcco33    |       3.300 |     0.007 |       0.003 |      0.004 |
| Vcco25    |       2.500 |     0.000 |       0.000 |      0.000 |
| Vcco18    |       1.800 |     0.000 |       0.000 |      0.000 |
| Vcco15    |       1.500 |     0.000 |       0.000 |      0.000 |
| Vcco135   |       1.350 |     0.000 |       0.000 |      0.000 |
| Vcco12    |       1.200 |     0.000 |       0.000 |      0.000 |
| Vccaux_io |       1.800 |     0.000 |       0.000 |      0.000 |
| Vccbram   |       1.000 |     0.000 |       0.000 |      0.000 |
| MGTAVcc   |       1.000 |     0.000 |       0.000 |      0.000 |
| MGTAVtt   |       1.200 |     0.000 |       0.000 |      0.000 |
| Vccadc    |       1.800 |     0.020 |       0.000 |      0.020 |
+-----------+-------------+-----------+-------------+------------+


1.3 Confidence Level
--------------------

+-----------------------------+------------+--------------------------------------------------------+--------------------------------------------------------------------------------------------------------------------+
| User Input Data             | Confidence | Details                                                | Action                                                                                                             |
+-----------------------------+------------+--------------------------------------------------------+--------------------------------------------------------------------------------------------------------------------+
| Design implementation state | High       | Design is routed                                       |                                                                                                                    |
| Clock nodes activity        | Medium     | More than 5% of clocks are missing user specification  | Provide missing clock activity with a constraint file, simulation results or by editing the "By Clock Domain" view |
| I/O nodes activity          | Low        | More than 75% of inputs are missing user specification | Provide missing input activity with simulation results or by editing the "By Resource Type -> I/Os" view           |
| Internal nodes activity     | Medium     | User specified less than 25% of internal nodes         | Provide missing internal nodes activity with simulation results or by editing the "By Resource Type" views         |
| Device models               | High       | Device models are Production                           |                                                                                                                    |
|                             |            |                                                        |                                                                                                                    |
| Overall confidence level    | Low        |                                                        |                                                                                                                    |
+-----------------------------+------------+--------------------------------------------------------+--------------------------------------------------------------------------------------------------------------------+


2. Settings
-----------

2.1 Environment
---------------

+-----------------------+--------------------------+
| Ambient Temp (C)      | 25.0                     |
| ThetaJA (C/W)         | 4.6                      |
| Airflow (LFM)         | 250                      |
| Heat Sink             | medium (Medium Profile)  |
| ThetaSA (C/W)         | 4.6                      |
| Board Selection       | medium (10"x10")         |
| # of Board Layers     | 12to15 (12 to 15 Layers) |
| Board Temperature (C) | 25.0                     |
+-----------------------+--------------------------+


2.2 Clock Constraints
---------------------

+-------------------+----------------------------------+-----------------+
| Clock             | Domain                           | Constraint (ns) |
+-------------------+----------------------------------+-----------------+
| Clock100MHz_Clock | RunClocks/inst/Clock100MHz_Clock |            10.0 |
| PWMClock_Clock    | RunClocks/inst/PWMClock_Clock    |             1.7 |
| SystemClock       | SystemClock                      |            10.0 |
| clkfbout_Clock    | RunClocks/inst/clkfbout_Clock    |            10.0 |
+-------------------+----------------------------------+-----------------+


3. Detailed Reports
-------------------

3.1 By Hierarchy
----------------

+------------------------+-----------+
| Name                   | Power (W) |
+------------------------+-----------+
| AudioRecorder          |     0.105 |
|   CellRAMShit          |    <0.001 |
|   ControllerClock      |    <0.001 |
|   ControllerSM         |    <0.001 |
|   MemDB_IOBUF[0]_inst  |    <0.001 |
|   MemDB_IOBUF[10]_inst |    <0.001 |
|   MemDB_IOBUF[11]_inst |    <0.001 |
|   MemDB_IOBUF[12]_inst |     0.000 |
|   MemDB_IOBUF[13]_inst |     0.000 |
|   MemDB_IOBUF[14]_inst |     0.000 |
|   MemDB_IOBUF[15]_inst |     0.000 |
|   MemDB_IOBUF[1]_inst  |    <0.001 |
|   MemDB_IOBUF[2]_inst  |    <0.001 |
|   MemDB_IOBUF[3]_inst  |    <0.001 |
|   MemDB_IOBUF[4]_inst  |    <0.001 |
|   MemDB_IOBUF[5]_inst  |    <0.001 |
|   MemDB_IOBUF[6]_inst  |    <0.001 |
|   MemDB_IOBUF[7]_inst  |    <0.001 |
|   MemDB_IOBUF[8]_inst  |    <0.001 |
|   MemDB_IOBUF[9]_inst  |    <0.001 |
|   Microphone           |    <0.001 |
|     SPI                |    <0.001 |
|   PWM                  |     0.003 |
|   RunClocks            |     0.088 |
|     inst               |     0.088 |
|   SampleClock          |    <0.001 |
+------------------------+-----------+


